{
  "stats": {
    "suites": 0,
    "tests": 2,
    "passes": 2,
    "pending": 0,
    "failures": 0,
    "start": "2023-07-09T15:27:04.368Z",
    "end": "2023-07-09T15:27:09.228Z",
    "duration": 4860,
    "testsRegistered": 2,
    "passPercent": 100,
    "pendingPercent": 0,
    "other": 0,
    "hasOther": false,
    "skipped": 0,
    "hasSkipped": false
  },
  "results": [
    {
      "uuid": "925f5935-168d-4783-a12a-b946a9e268a6",
      "title": "",
      "fullFile": "cypress/integration/filter.ts",
      "file": "cypress/integration/filter.ts",
      "beforeHooks": [],
      "afterHooks": [],
      "tests": [
        {
          "title": "success sort low price to high prize",
          "fullTitle": "success sort low price to high prize",
          "timedOut": null,
          "duration": 1838,
          "state": "passed",
          "speed": "fast",
          "pass": true,
          "fail": false,
          "pending": false,
          "context": null,
          "code": "loginPage.login(URL, \"standard_user\", \"secret_sauce\");\nloginPage.assertLogin();\ndashboardPage.clickFilterLowtoHigh();",
          "err": {},
          "uuid": "47e6427f-8360-4a37-ae91-4db6c5ac62d2",
          "parentUUID": "925f5935-168d-4783-a12a-b946a9e268a6",
          "isHook": false,
          "skipped": false
        },
        {
          "title": "success sort high price to low prize",
          "fullTitle": "success sort high price to low prize",
          "timedOut": null,
          "duration": 1168,
          "state": "passed",
          "speed": "fast",
          "pass": true,
          "fail": false,
          "pending": false,
          "context": null,
          "code": "loginPage.login(URL, \"standard_user\", \"secret_sauce\");\nloginPage.assertLogin();\ndashboardPage.clickFilterHightToLow();",
          "err": {},
          "uuid": "79cce2be-76d0-4773-a275-7d86a42d7a45",
          "parentUUID": "925f5935-168d-4783-a12a-b946a9e268a6",
          "isHook": false,
          "skipped": false
        }
      ],
      "suites": [],
      "passes": [
        "47e6427f-8360-4a37-ae91-4db6c5ac62d2",
        "79cce2be-76d0-4773-a275-7d86a42d7a45"
      ],
      "failures": [],
      "pending": [],
      "skipped": [],
      "duration": 3006,
      "root": true,
      "rootEmpty": false,
      "_timeout": 2000
    }
  ],
  "meta": {
    "mocha": {
      "version": "7.0.1"
    },
    "mochawesome": {
      "options": {
        "quiet": false,
        "reportFilename": "mochawesome",
        "saveHtml": false,
        "saveJson": true,
        "consoleReporter": "spec",
        "useInlineDiffs": false,
        "code": true
      },
      "version": "7.1.3"
    },
    "marge": {
      "options": {
        "chart": true,
        "overwrite": false,
        "html": false,
        "json": true,
        "reportDir": "cypress/reports"
      },
      "version": "6.2.0"
    }
  }
}