{
  "stats": {
    "suites": 0,
    "tests": 4,
    "passes": 4,
    "pending": 0,
    "failures": 0,
    "start": "2023-07-08T14:17:42.560Z",
    "end": "2023-07-08T14:17:52.756Z",
    "duration": 10196,
    "testsRegistered": 4,
    "passPercent": 100,
    "pendingPercent": 0,
    "other": 0,
    "hasOther": false,
    "skipped": 0,
    "hasSkipped": false
  },
  "results": [
    {
      "uuid": "bbcba22f-6ece-4da8-9cd6-3f27ba990489",
      "title": "",
      "fullFile": "cypress/integration/login.ts",
      "file": "cypress/integration/login.ts",
      "beforeHooks": [],
      "afterHooks": [],
      "tests": [
        {
          "title": "Test LOGIN",
          "fullTitle": "Test LOGIN",
          "timedOut": null,
          "duration": 2718,
          "state": "passed",
          "speed": "fast",
          "pass": true,
          "fail": false,
          "pending": false,
          "context": null,
          "code": "loginPage.login(URL, \"standard_user\", \"secret_sauce\");\nloginPage.assertLogin();",
          "err": {},
          "uuid": "918d72e6-6452-443b-a42f-4bd4e60654c5",
          "parentUUID": "bbcba22f-6ece-4da8-9cd6-3f27ba990489",
          "isHook": false,
          "skipped": false
        },
        {
          "title": "Test Sauce Demo Invalid Password",
          "fullTitle": "Test Sauce Demo Invalid Password",
          "timedOut": null,
          "duration": 1064,
          "state": "passed",
          "speed": "fast",
          "pass": true,
          "fail": false,
          "pending": false,
          "context": null,
          "code": "loginPage.login(URL, \"standard_user\", \"invalidPass\");\nloginPage.assertLoginFail();",
          "err": {},
          "uuid": "96184dcc-52e6-4207-a0fe-6d2b1954bad2",
          "parentUUID": "bbcba22f-6ece-4da8-9cd6-3f27ba990489",
          "isHook": false,
          "skipped": false
        },
        {
          "title": "Test Sauce Demo Sauce labs product backpack",
          "fullTitle": "Test Sauce Demo Sauce labs product backpack",
          "timedOut": null,
          "duration": 1107,
          "state": "passed",
          "speed": "fast",
          "pass": true,
          "fail": false,
          "pending": false,
          "context": null,
          "code": "loginPage.login(URL, \"standard_user\", \"secret_sauce\");\nloginPage.assertLogin();\ndashboardPage.sauceLabsBackpack();",
          "err": {},
          "uuid": "9f35bcde-ca54-49f3-9271-c63a7d945151",
          "parentUUID": "bbcba22f-6ece-4da8-9cd6-3f27ba990489",
          "isHook": false,
          "skipped": false
        },
        {
          "title": "Test Sauce Demo Sauce labs product backpack2",
          "fullTitle": "Test Sauce Demo Sauce labs product backpack2",
          "timedOut": null,
          "duration": 3042,
          "state": "passed",
          "speed": "fast",
          "pass": true,
          "fail": false,
          "pending": false,
          "context": null,
          "code": "loginPage.login(URL, \"standard_user\", \"secret_sauce\");\nloginPage.assertLogin();\ndashboardPage.clickAddItem();",
          "err": {},
          "uuid": "997dfd9a-87c3-48c2-852c-576178bc017d",
          "parentUUID": "bbcba22f-6ece-4da8-9cd6-3f27ba990489",
          "isHook": false,
          "skipped": false
        }
      ],
      "suites": [],
      "passes": [
        "918d72e6-6452-443b-a42f-4bd4e60654c5",
        "96184dcc-52e6-4207-a0fe-6d2b1954bad2",
        "9f35bcde-ca54-49f3-9271-c63a7d945151",
        "997dfd9a-87c3-48c2-852c-576178bc017d"
      ],
      "failures": [],
      "pending": [],
      "skipped": [],
      "duration": 7931,
      "root": true,
      "rootEmpty": false,
      "_timeout": 2000
    }
  ],
  "meta": {
    "mocha": {
      "version": "7.0.1"
    },
    "mochawesome": {
      "options": {
        "quiet": false,
        "reportFilename": "mochawesome",
        "saveHtml": false,
        "saveJson": true,
        "consoleReporter": "spec",
        "useInlineDiffs": false,
        "code": true
      },
      "version": "7.1.3"
    },
    "marge": {
      "options": {
        "chart": true,
        "overwrite": false,
        "html": false,
        "json": true,
        "reportDir": "cypress/reports"
      },
      "version": "6.2.0"
    }
  }
}