{
  "stats": {
    "suites": 0,
    "tests": 3,
    "passes": 3,
    "pending": 0,
    "failures": 0,
    "start": "2023-07-09T15:27:12.802Z",
    "end": "2023-07-09T15:27:16.887Z",
    "duration": 4085,
    "testsRegistered": 3,
    "passPercent": 100,
    "pendingPercent": 0,
    "other": 0,
    "hasOther": false,
    "skipped": 0,
    "hasSkipped": false
  },
  "results": [
    {
      "uuid": "bd20c4dc-c65b-45ea-8c43-2c9da4792c66",
      "title": "",
      "fullFile": "cypress/integration/login.ts",
      "file": "cypress/integration/login.ts",
      "beforeHooks": [],
      "afterHooks": [],
      "tests": [
        {
          "title": "Test LOGIN",
          "fullTitle": "Test LOGIN",
          "timedOut": null,
          "duration": 1097,
          "state": "passed",
          "speed": "fast",
          "pass": true,
          "fail": false,
          "pending": false,
          "context": null,
          "code": "loginPage.login(URL, \"standard_user\", \"secret_sauce\");\nloginPage.assertLogin();",
          "err": {},
          "uuid": "0703ec0f-a476-4570-82dd-16cfeb150ed3",
          "parentUUID": "bd20c4dc-c65b-45ea-8c43-2c9da4792c66",
          "isHook": false,
          "skipped": false
        },
        {
          "title": "Test Sauce Demo Invalid Password",
          "fullTitle": "Test Sauce Demo Invalid Password",
          "timedOut": null,
          "duration": 844,
          "state": "passed",
          "speed": "fast",
          "pass": true,
          "fail": false,
          "pending": false,
          "context": null,
          "code": "loginPage.login(URL, \"standard_user\", \"invalidPass\");\nloginPage.assertLoginFail();",
          "err": {},
          "uuid": "19a4eadd-9ab0-41a0-a1cf-e86f59d3e379",
          "parentUUID": "bd20c4dc-c65b-45ea-8c43-2c9da4792c66",
          "isHook": false,
          "skipped": false
        },
        {
          "title": "Test Sauce Demo Sauce labs product backpack",
          "fullTitle": "Test Sauce Demo Sauce labs product backpack",
          "timedOut": null,
          "duration": 1181,
          "state": "passed",
          "speed": "fast",
          "pass": true,
          "fail": false,
          "pending": false,
          "context": null,
          "code": "loginPage.login(URL, \"standard_user\", \"secret_sauce\");\nloginPage.assertLogin();\ndashboardPage.sauceLabsBackpack();",
          "err": {},
          "uuid": "51b79626-1851-484c-9014-9705a461294a",
          "parentUUID": "bd20c4dc-c65b-45ea-8c43-2c9da4792c66",
          "isHook": false,
          "skipped": false
        }
      ],
      "suites": [],
      "passes": [
        "0703ec0f-a476-4570-82dd-16cfeb150ed3",
        "19a4eadd-9ab0-41a0-a1cf-e86f59d3e379",
        "51b79626-1851-484c-9014-9705a461294a"
      ],
      "failures": [],
      "pending": [],
      "skipped": [],
      "duration": 3122,
      "root": true,
      "rootEmpty": false,
      "_timeout": 2000
    }
  ],
  "meta": {
    "mocha": {
      "version": "7.0.1"
    },
    "mochawesome": {
      "options": {
        "quiet": false,
        "reportFilename": "mochawesome",
        "saveHtml": false,
        "saveJson": true,
        "consoleReporter": "spec",
        "useInlineDiffs": false,
        "code": true
      },
      "version": "7.1.3"
    },
    "marge": {
      "options": {
        "chart": true,
        "overwrite": false,
        "html": false,
        "json": true,
        "reportDir": "cypress/reports"
      },
      "version": "6.2.0"
    }
  }
}