{
  "stats": {
    "suites": 0,
    "tests": 3,
    "passes": 3,
    "pending": 0,
    "failures": 0,
    "start": "2023-07-09T15:26:51.570Z",
    "end": "2023-07-09T15:27:00.180Z",
    "duration": 8610,
    "testsRegistered": 3,
    "passPercent": 100,
    "pendingPercent": 0,
    "other": 0,
    "hasOther": false,
    "skipped": 0,
    "hasSkipped": false
  },
  "results": [
    {
      "uuid": "2f576f43-35a0-4c28-abe3-4619ca57acc8",
      "title": "",
      "fullFile": "cypress/integration/checkout.ts",
      "file": "cypress/integration/checkout.ts",
      "beforeHooks": [],
      "afterHooks": [],
      "tests": [
        {
          "title": "success add item to basket",
          "fullTitle": "success add item to basket",
          "timedOut": null,
          "duration": 2688,
          "state": "passed",
          "speed": "fast",
          "pass": true,
          "fail": false,
          "pending": false,
          "context": null,
          "code": "loginPage.login(URL, \"standard_user\", \"secret_sauce\");\nloginPage.assertLogin();\ndashboardPage.clickAddItemDashboard();",
          "err": {},
          "uuid": "38eb2d45-7b0d-4208-a4c6-a892f4436d26",
          "parentUUID": "2f576f43-35a0-4c28-abe3-4619ca57acc8",
          "isHook": false,
          "skipped": false
        },
        {
          "title": "success checkout item",
          "fullTitle": "success checkout item",
          "timedOut": null,
          "duration": 2604,
          "state": "passed",
          "speed": "fast",
          "pass": true,
          "fail": false,
          "pending": false,
          "context": null,
          "code": "loginPage.login(URL, \"standard_user\", \"secret_sauce\");\nloginPage.assertLogin();\ndashboardPage.clickAddItemDashboard();\ndashboardPage.clickBasket();\ncartPage.assertCart();\ncartPage.clickcheckout();\ncartPage.fillData(\"ica\", \"ica\", \"40184\");\ncartPage.clickContinue();\ncartPage.assertCheckoutOverview();\ncartPage.clickFinish();",
          "err": {},
          "uuid": "d9aed88d-1ec2-4831-9320-e02130663711",
          "parentUUID": "2f576f43-35a0-4c28-abe3-4619ca57acc8",
          "isHook": false,
          "skipped": false
        },
        {
          "title": "Fill blank data on form checkout",
          "fullTitle": "Fill blank data on form checkout",
          "timedOut": null,
          "duration": 1378,
          "state": "passed",
          "speed": "fast",
          "pass": true,
          "fail": false,
          "pending": false,
          "context": null,
          "code": "loginPage.login(URL, \"standard_user\", \"secret_sauce\");\nloginPage.assertLogin();\ndashboardPage.clickAddItemDashboard();\ndashboardPage.clickBasket();\ncartPage.assertCart();\ncartPage.clickcheckout();\n//cartPage.fillData(null,null,null);\ncartPage.clickContinue();\ncartPage.noficationErrorDataBlank();",
          "err": {},
          "uuid": "3092441f-2895-41d9-864a-357549a6929a",
          "parentUUID": "2f576f43-35a0-4c28-abe3-4619ca57acc8",
          "isHook": false,
          "skipped": false
        }
      ],
      "suites": [],
      "passes": [
        "38eb2d45-7b0d-4208-a4c6-a892f4436d26",
        "d9aed88d-1ec2-4831-9320-e02130663711",
        "3092441f-2895-41d9-864a-357549a6929a"
      ],
      "failures": [],
      "pending": [],
      "skipped": [],
      "duration": 6670,
      "root": true,
      "rootEmpty": false,
      "_timeout": 2000
    }
  ],
  "meta": {
    "mocha": {
      "version": "7.0.1"
    },
    "mochawesome": {
      "options": {
        "quiet": false,
        "reportFilename": "mochawesome",
        "saveHtml": false,
        "saveJson": true,
        "consoleReporter": "spec",
        "useInlineDiffs": false,
        "code": true
      },
      "version": "7.1.3"
    },
    "marge": {
      "options": {
        "chart": true,
        "overwrite": false,
        "html": false,
        "json": true,
        "reportDir": "cypress/reports"
      },
      "version": "6.2.0"
    }
  }
}