{
  "stats": {
    "suites": 0,
    "tests": 3,
    "passes": 3,
    "pending": 0,
    "failures": 0,
    "start": "2023-07-09T13:28:15.491Z",
    "end": "2023-07-09T13:28:23.987Z",
    "duration": 8496,
    "testsRegistered": 3,
    "passPercent": 100,
    "pendingPercent": 0,
    "other": 0,
    "hasOther": false,
    "skipped": 0,
    "hasSkipped": false
  },
  "results": [
    {
      "uuid": "13df718a-be91-4253-ba2c-3aed9cc37823",
      "title": "",
      "fullFile": "cypress/integration/checkout.ts",
      "file": "cypress/integration/checkout.ts",
      "beforeHooks": [],
      "afterHooks": [],
      "tests": [
        {
          "title": "success add item to basket",
          "fullTitle": "success add item to basket",
          "timedOut": null,
          "duration": 2545,
          "state": "passed",
          "speed": "fast",
          "pass": true,
          "fail": false,
          "pending": false,
          "context": null,
          "code": "loginPage.login(URL, \"standard_user\", \"secret_sauce\");\nloginPage.assertLogin();\ndashboardPage.clickAddItemDashboard();",
          "err": {},
          "uuid": "67905d47-50ed-4a89-8e81-74c4ef1e0c1b",
          "parentUUID": "13df718a-be91-4253-ba2c-3aed9cc37823",
          "isHook": false,
          "skipped": false
        },
        {
          "title": "success checkout item",
          "fullTitle": "success checkout item",
          "timedOut": null,
          "duration": 2287,
          "state": "passed",
          "speed": "fast",
          "pass": true,
          "fail": false,
          "pending": false,
          "context": null,
          "code": "loginPage.login(URL, \"standard_user\", \"secret_sauce\");\nloginPage.assertLogin();\ndashboardPage.clickAddItemDashboard();\ndashboardPage.clickBasket();\ncartPage.assertCart();\ncartPage.clickcheckout();\ncartPage.fillData(\"ica\", \"ica\", \"40184\");\ncartPage.clickContinue();\ncartPage.assertCheckoutOverview();\ncartPage.clickFinish();",
          "err": {},
          "uuid": "7231bb2b-a9ca-4e37-8419-bd11d4459459",
          "parentUUID": "13df718a-be91-4253-ba2c-3aed9cc37823",
          "isHook": false,
          "skipped": false
        },
        {
          "title": "Fill blank data on form checkout",
          "fullTitle": "Fill blank data on form checkout",
          "timedOut": null,
          "duration": 1946,
          "state": "passed",
          "speed": "fast",
          "pass": true,
          "fail": false,
          "pending": false,
          "context": null,
          "code": "loginPage.login(URL, \"standard_user\", \"secret_sauce\");\nloginPage.assertLogin();\ndashboardPage.clickAddItemDashboard();\ndashboardPage.clickBasket();\ncartPage.assertCart();\ncartPage.clickcheckout();",
          "err": {},
          "uuid": "925c3bc4-7474-49a4-897a-cba1c63ca557",
          "parentUUID": "13df718a-be91-4253-ba2c-3aed9cc37823",
          "isHook": false,
          "skipped": false
        }
      ],
      "suites": [],
      "passes": [
        "67905d47-50ed-4a89-8e81-74c4ef1e0c1b",
        "7231bb2b-a9ca-4e37-8419-bd11d4459459",
        "925c3bc4-7474-49a4-897a-cba1c63ca557"
      ],
      "failures": [],
      "pending": [],
      "skipped": [],
      "duration": 6778,
      "root": true,
      "rootEmpty": false,
      "_timeout": 2000
    }
  ],
  "meta": {
    "mocha": {
      "version": "7.0.1"
    },
    "mochawesome": {
      "options": {
        "quiet": false,
        "reportFilename": "mochawesome",
        "saveHtml": false,
        "saveJson": true,
        "consoleReporter": "spec",
        "useInlineDiffs": false,
        "code": true
      },
      "version": "7.1.3"
    },
    "marge": {
      "options": {
        "chart": true,
        "overwrite": false,
        "html": false,
        "json": true,
        "reportDir": "cypress/reports"
      },
      "version": "6.2.0"
    }
  }
}