{
  "stats": {
    "suites": 0,
    "tests": 2,
    "passes": 2,
    "pending": 0,
    "failures": 0,
    "start": "2023-07-09T15:19:05.122Z",
    "end": "2023-07-09T15:19:09.699Z",
    "duration": 4577,
    "testsRegistered": 2,
    "passPercent": 100,
    "pendingPercent": 0,
    "other": 0,
    "hasOther": false,
    "skipped": 0,
    "hasSkipped": false
  },
  "results": [
    {
      "uuid": "e50d54bb-2aa9-485c-896f-148e6c53dc63",
      "title": "",
      "fullFile": "cypress/integration/filter.ts",
      "file": "cypress/integration/filter.ts",
      "beforeHooks": [],
      "afterHooks": [],
      "tests": [
        {
          "title": "success sort low price to high prize",
          "fullTitle": "success sort low price to high prize",
          "timedOut": null,
          "duration": 1851,
          "state": "passed",
          "speed": "fast",
          "pass": true,
          "fail": false,
          "pending": false,
          "context": null,
          "code": "loginPage.login(URL, \"standard_user\", \"secret_sauce\");\nloginPage.assertLogin();\ndashboardPage.clickFilterLowtoHigh();",
          "err": {},
          "uuid": "d081ce0b-313a-4397-86e4-8b313296e73e",
          "parentUUID": "e50d54bb-2aa9-485c-896f-148e6c53dc63",
          "isHook": false,
          "skipped": false
        },
        {
          "title": "success sort high price to low prize",
          "fullTitle": "success sort high price to low prize",
          "timedOut": null,
          "duration": 1152,
          "state": "passed",
          "speed": "fast",
          "pass": true,
          "fail": false,
          "pending": false,
          "context": null,
          "code": "loginPage.login(URL, \"standard_user\", \"secret_sauce\");\nloginPage.assertLogin();\ndashboardPage.clickFilterHightToLow();",
          "err": {},
          "uuid": "d20beb80-b373-45fb-ba1d-23dbbec932cc",
          "parentUUID": "e50d54bb-2aa9-485c-896f-148e6c53dc63",
          "isHook": false,
          "skipped": false
        }
      ],
      "suites": [],
      "passes": [
        "d081ce0b-313a-4397-86e4-8b313296e73e",
        "d20beb80-b373-45fb-ba1d-23dbbec932cc"
      ],
      "failures": [],
      "pending": [],
      "skipped": [],
      "duration": 3003,
      "root": true,
      "rootEmpty": false,
      "_timeout": 2000
    }
  ],
  "meta": {
    "mocha": {
      "version": "7.0.1"
    },
    "mochawesome": {
      "options": {
        "quiet": false,
        "reportFilename": "mochawesome",
        "saveHtml": false,
        "saveJson": true,
        "consoleReporter": "spec",
        "useInlineDiffs": false,
        "code": true
      },
      "version": "7.1.3"
    },
    "marge": {
      "options": {
        "chart": true,
        "overwrite": false,
        "html": false,
        "json": true,
        "reportDir": "cypress/reports"
      },
      "version": "6.2.0"
    }
  }
}