{
  "stats": {
    "suites": 0,
    "tests": 4,
    "passes": 4,
    "pending": 0,
    "failures": 0,
    "start": "2023-07-09T13:28:28.755Z",
    "end": "2023-07-09T13:28:34.340Z",
    "duration": 5585,
    "testsRegistered": 4,
    "passPercent": 100,
    "pendingPercent": 0,
    "other": 0,
    "hasOther": false,
    "skipped": 0,
    "hasSkipped": false
  },
  "results": [
    {
      "uuid": "6d7b5e94-513a-4829-acef-91e9468673fb",
      "title": "",
      "fullFile": "cypress/integration/login.ts",
      "file": "cypress/integration/login.ts",
      "beforeHooks": [],
      "afterHooks": [],
      "tests": [
        {
          "title": "Test LOGIN",
          "fullTitle": "Test LOGIN",
          "timedOut": null,
          "duration": 1421,
          "state": "passed",
          "speed": "fast",
          "pass": true,
          "fail": false,
          "pending": false,
          "context": null,
          "code": "loginPage.login(URL, \"standard_user\", \"secret_sauce\");\nloginPage.assertLogin();",
          "err": {},
          "uuid": "909fe156-9ab4-4c2f-9980-faf9d5f0da95",
          "parentUUID": "6d7b5e94-513a-4829-acef-91e9468673fb",
          "isHook": false,
          "skipped": false
        },
        {
          "title": "Test Sauce Demo Invalid Password",
          "fullTitle": "Test Sauce Demo Invalid Password",
          "timedOut": null,
          "duration": 851,
          "state": "passed",
          "speed": "fast",
          "pass": true,
          "fail": false,
          "pending": false,
          "context": null,
          "code": "loginPage.login(URL, \"standard_user\", \"invalidPass\");\nloginPage.assertLoginFail();",
          "err": {},
          "uuid": "ec3ecdd3-7f8d-42e6-b3f3-0c378fb2db86",
          "parentUUID": "6d7b5e94-513a-4829-acef-91e9468673fb",
          "isHook": false,
          "skipped": false
        },
        {
          "title": "Test Sauce Demo Sauce labs product backpack",
          "fullTitle": "Test Sauce Demo Sauce labs product backpack",
          "timedOut": null,
          "duration": 1106,
          "state": "passed",
          "speed": "fast",
          "pass": true,
          "fail": false,
          "pending": false,
          "context": null,
          "code": "loginPage.login(URL, \"standard_user\", \"secret_sauce\");\nloginPage.assertLogin();\ndashboardPage.sauceLabsBackpack();",
          "err": {},
          "uuid": "fa987787-0d69-450d-b5ec-9ec48e11af7f",
          "parentUUID": "6d7b5e94-513a-4829-acef-91e9468673fb",
          "isHook": false,
          "skipped": false
        },
        {
          "title": "success add item to basket",
          "fullTitle": "success add item to basket",
          "timedOut": null,
          "duration": 984,
          "state": "passed",
          "speed": "fast",
          "pass": true,
          "fail": false,
          "pending": false,
          "context": null,
          "code": "loginPage.login(URL, \"standard_user\", \"secret_sauce\");\nloginPage.assertLogin();\ndashboardPage.clickAddItemDashboard();",
          "err": {},
          "uuid": "79efb08a-8eee-47b9-82a2-5bb119918183",
          "parentUUID": "6d7b5e94-513a-4829-acef-91e9468673fb",
          "isHook": false,
          "skipped": false
        }
      ],
      "suites": [],
      "passes": [
        "909fe156-9ab4-4c2f-9980-faf9d5f0da95",
        "ec3ecdd3-7f8d-42e6-b3f3-0c378fb2db86",
        "fa987787-0d69-450d-b5ec-9ec48e11af7f",
        "79efb08a-8eee-47b9-82a2-5bb119918183"
      ],
      "failures": [],
      "pending": [],
      "skipped": [],
      "duration": 4362,
      "root": true,
      "rootEmpty": false,
      "_timeout": 2000
    }
  ],
  "meta": {
    "mocha": {
      "version": "7.0.1"
    },
    "mochawesome": {
      "options": {
        "quiet": false,
        "reportFilename": "mochawesome",
        "saveHtml": false,
        "saveJson": true,
        "consoleReporter": "spec",
        "useInlineDiffs": false,
        "code": true
      },
      "version": "7.1.3"
    },
    "marge": {
      "options": {
        "chart": true,
        "overwrite": false,
        "html": false,
        "json": true,
        "reportDir": "cypress/reports"
      },
      "version": "6.2.0"
    }
  }
}