{
  "stats": {
    "suites": 0,
    "tests": 3,
    "passes": 3,
    "pending": 0,
    "failures": 0,
    "start": "2023-07-09T15:19:13.078Z",
    "end": "2023-07-09T15:19:17.263Z",
    "duration": 4185,
    "testsRegistered": 3,
    "passPercent": 100,
    "pendingPercent": 0,
    "other": 0,
    "hasOther": false,
    "skipped": 0,
    "hasSkipped": false
  },
  "results": [
    {
      "uuid": "54739f61-0457-434c-a866-de3db5435dc4",
      "title": "",
      "fullFile": "cypress/integration/login.ts",
      "file": "cypress/integration/login.ts",
      "beforeHooks": [],
      "afterHooks": [],
      "tests": [
        {
          "title": "Test LOGIN",
          "fullTitle": "Test LOGIN",
          "timedOut": null,
          "duration": 1074,
          "state": "passed",
          "speed": "fast",
          "pass": true,
          "fail": false,
          "pending": false,
          "context": null,
          "code": "loginPage.login(URL, \"standard_user\", \"secret_sauce\");\nloginPage.assertLogin();",
          "err": {},
          "uuid": "2bc8d4d9-d86e-4fd9-a235-1997b5cf759a",
          "parentUUID": "54739f61-0457-434c-a866-de3db5435dc4",
          "isHook": false,
          "skipped": false
        },
        {
          "title": "Test Sauce Demo Invalid Password",
          "fullTitle": "Test Sauce Demo Invalid Password",
          "timedOut": null,
          "duration": 834,
          "state": "passed",
          "speed": "fast",
          "pass": true,
          "fail": false,
          "pending": false,
          "context": null,
          "code": "loginPage.login(URL, \"standard_user\", \"invalidPass\");\nloginPage.assertLoginFail();",
          "err": {},
          "uuid": "2dedca53-254f-49d7-8adb-40c29084e4ac",
          "parentUUID": "54739f61-0457-434c-a866-de3db5435dc4",
          "isHook": false,
          "skipped": false
        },
        {
          "title": "Test Sauce Demo Sauce labs product backpack",
          "fullTitle": "Test Sauce Demo Sauce labs product backpack",
          "timedOut": null,
          "duration": 1108,
          "state": "passed",
          "speed": "fast",
          "pass": true,
          "fail": false,
          "pending": false,
          "context": null,
          "code": "loginPage.login(URL, \"standard_user\", \"secret_sauce\");\nloginPage.assertLogin();\ndashboardPage.sauceLabsBackpack();",
          "err": {},
          "uuid": "0cb030e8-b383-4868-81db-08f287719b56",
          "parentUUID": "54739f61-0457-434c-a866-de3db5435dc4",
          "isHook": false,
          "skipped": false
        }
      ],
      "suites": [],
      "passes": [
        "2bc8d4d9-d86e-4fd9-a235-1997b5cf759a",
        "2dedca53-254f-49d7-8adb-40c29084e4ac",
        "0cb030e8-b383-4868-81db-08f287719b56"
      ],
      "failures": [],
      "pending": [],
      "skipped": [],
      "duration": 3016,
      "root": true,
      "rootEmpty": false,
      "_timeout": 2000
    }
  ],
  "meta": {
    "mocha": {
      "version": "7.0.1"
    },
    "mochawesome": {
      "options": {
        "quiet": false,
        "reportFilename": "mochawesome",
        "saveHtml": false,
        "saveJson": true,
        "consoleReporter": "spec",
        "useInlineDiffs": false,
        "code": true
      },
      "version": "7.1.3"
    },
    "marge": {
      "options": {
        "chart": true,
        "overwrite": false,
        "html": false,
        "json": true,
        "reportDir": "cypress/reports"
      },
      "version": "6.2.0"
    }
  }
}